<?xml version="1.0" encoding="UTF-8"?>
<testsuite name="promotionStrategy.SecondHalfPromotionTest" tests="2" skipped="0" failures="0" errors="0" timestamp="2015-12-07T18:25:33" hostname="Miss-Lu-MBP.lan" time="0.0">
  <properties/>
  <testcase name="should_return_100_when_quantity_is_4" classname="promotionStrategy.SecondHalfPromotionTest" time="0.0"/>
  <testcase name="should_return_50_when_quantity_is_3" classname="promotionStrategy.SecondHalfPromotionTest" time="0.0"/>
  <system-out><![CDATA[]]></system-out>
  <system-err><![CDATA[]]></system-err>
</testsuite>
