<?xml version="1.0" encoding="UTF-8"?>
<testsuite name="promotionStrategy.DiscountPromotionTest" tests="2" skipped="0" failures="0" errors="0" timestamp="2015-12-07T13:55:02" hostname="Miss-Lu-MBP.lan" time="0.012">
  <properties/>
  <testcase name="should_return_210_when_70_discount" classname="promotionStrategy.DiscountPromotionTest" time="0.011"/>
  <testcase name="throw_exception_when_argument_wrong" classname="promotionStrategy.DiscountPromotionTest" time="0.001"/>
  <system-out><![CDATA[]]></system-out>
  <system-err><![CDATA[]]></system-err>
</testsuite>
