<?xml version="1.0" encoding="UTF-8"?>
<testsuite name="input.InputFromTextTest" tests="3" skipped="0" failures="0" errors="0" timestamp="2015-12-07T16:02:41" hostname="Miss-Lu-MBP.lan" time="0.021">
  <properties/>
  <testcase name="return_list_length_4_when_text_is_empty" classname="input.InputFromTextTest" time="0.016"/>
  <testcase name="return_list_length_1_when_text_is_empty" classname="input.InputFromTextTest" time="0.001"/>
  <testcase name="return_list_length_0_when_text_is_empty" classname="input.InputFromTextTest" time="0.001"/>
  <system-out><![CDATA[]]></system-out>
  <system-err><![CDATA[]]></system-err>
</testsuite>
